# JRE version: OpenJDK Runtime Environment Temurin-21.0.4+7 (21.0.4+7) (build 21.0.4+7-LTS)
# Java VM: OpenJDK 64-Bit Server VM Temurin-21.0.4+7 (21.0.4+7-LTS, mixed mode, emulated-client, tiered, compressed oops, compressed class ptrs, g1 gc, windows-amd64)
GC Precious Log:
 CardTable entry size: 512
 Card Set container configuration: InlinePtr #cards 4 size 8 Array Of Cards #cards 32 size 80 Howl #buckets 8 coarsen threshold 7372 Howl Bitmap #cards 1024 size 144 coarsen threshold 921 Card regions per heap region 1 cards per card region 8192
 CPUs: 22 total, 22 available
 Memory: 32368M
 Large Page Support: Disabled
 NUMA Support: Disabled
 Compressed Oops: Enabled (Zero based)
 Heap Region Size: 4M
 Heap Min Capacity: 8M
 Heap Initial Capacity: 508M
 Heap Max Capacity: 8096M
 Pre-touch: Disabled
 Parallel Workers: 16
 Concurrent Workers: 4
 Concurrent Refinement Workers: 16
 Periodic GC: Disabled
Heap:
 garbage-first heap   total 122880K, used 99811K [0x0000000606000000, 0x0000000800000000)
  region size 4096K, 17 young (69632K), 2 survivors (8192K)
 Metaspace       used 104111K, committed 105024K, reserved 1179648K
  class space    used 13603K, committed 14016K, reserved 1048576K
GC Heap History (20 events):
Event: 13356.123 GC heap after
{Heap after GC invocations=131 (full 16):
 garbage-first heap   total 122880K, used 37449K [0x0000000606000000, 0x0000000800000000)
  region size 4096K, 2 young (8192K), 2 survivors (8192K)
 Metaspace       used 99466K, committed 100544K, reserved 1179648K
  class space    used 13131K, committed 13696K, reserved 1048576K
}
Event: 13372.060 GC heap before
{Heap before GC invocations=132 (full 16):
 garbage-first heap   total 122880K, used 98889K [0x0000000606000000, 0x0000000800000000)
  region size 4096K, 17 young (69632K), 2 survivors (8192K)
 Metaspace       used 99664K, committed 100736K, reserved 1179648K
  class space    used 13137K, committed 13696K, reserved 1048576K
}
Event: 13372.063 GC heap after
{Heap after GC invocations=133 (full 16):
 garbage-first heap   total 323584K, used 35751K [0x0000000606000000, 0x0000000800000000)
  region size 4096K, 1 young (4096K), 1 survivors (4096K)
 Metaspace       used 99664K, committed 100736K, reserved 1179648K
  class space    used 13137K, committed 13696K, reserved 1048576K
}
Event: 13457.520 GC heap before
{Heap before GC invocations=133 (full 16):
 garbage-first heap   total 323584K, used 220071K [0x0000000606000000, 0x0000000800000000)
  region size 4096K, 47 young (192512K), 1 survivors (4096K)
 Metaspace       used 100647K, committed 101504K, reserved 1179648K
  class space    used 13253K, committed 13696K, reserved 1048576K
}
Event: 13457.525 GC heap after
{Heap after GC invocations=134 (full 16):
 garbage-first heap   total 323584K, used 39022K [0x0000000606000000, 0x0000000800000000)
  region size 4096K, 2 young (8192K), 2 survivors (8192K)
 Metaspace       used 100647K, committed 101504K, reserved 1179648K
  class space    used 13253K, committed 13696K, reserved 1048576K
}
Event: 13471.910 GC heap before
{Heap before GC invocations=134 (full 16):
 garbage-first heap   total 323584K, used 211054K [0x0000000606000000, 0x0000000800000000)
  region size 4096K, 46 young (188416K), 2 survivors (8192K)
 Metaspace       used 101639K, committed 102528K, reserved 1179648K
  class space    used 13380K, committed 13824K, reserved 1048576K
}
Event: 13471.915 GC heap after
{Heap after GC invocations=135 (full 16):
 garbage-first heap   total 323584K, used 38368K [0x0000000606000000, 0x0000000800000000)
  region size 4096K, 2 young (8192K), 2 survivors (8192K)
 Metaspace       used 101639K, committed 102528K, reserved 1179648K
  class space    used 13380K, committed 13824K, reserved 1048576K
}
Event: 13472.715 GC heap before
{Heap before GC invocations=136 (full 16):
 garbage-first heap   total 151552K, used 112096K [0x0000000606000000, 0x0000000800000000)
  region size 4096K, 21 young (86016K), 2 survivors (8192K)
 Metaspace       used 102395K, committed 103296K, reserved 1179648K
  class space    used 13449K, committed 13888K, reserved 1048576K
}
Event: 13472.719 GC heap after
{Heap after GC invocations=137 (full 16):
 garbage-first heap   total 151552K, used 43407K [0x0000000606000000, 0x0000000800000000)
  region size 4096K, 3 young (12288K), 3 survivors (12288K)
 Metaspace       used 102395K, committed 103296K, reserved 1179648K
  class space    used 13449K, committed 13888K, reserved 1048576K
}
Event: 13546.402 GC heap before
{Heap before GC invocations=138 (full 16):
 garbage-first heap   total 151552K, used 100751K [0x0000000606000000, 0x0000000800000000)
  region size 4096K, 18 young (73728K), 3 survivors (12288K)
 Metaspace       used 102475K, committed 103424K, reserved 1179648K
  class space    used 13456K, committed 13888K, reserved 1048576K
}
Event: 13546.447 GC heap after
{Heap after GC invocations=139 (full 17):
 garbage-first heap   total 122880K, used 32725K [0x0000000606000000, 0x0000000800000000)
  region size 4096K, 0 young (0K), 0 survivors (0K)
 Metaspace       used 102430K, committed 103424K, reserved 1179648K
  class space    used 13447K, committed 13888K, reserved 1048576K
}
Event: 13546.830 GC heap before
{Heap before GC invocations=139 (full 17):
 garbage-first heap   total 122880K, used 98261K [0x0000000606000000, 0x0000000800000000)
  region size 4096K, 17 young (69632K), 0 survivors (0K)
 Metaspace       used 102801K, committed 103680K, reserved 1179648K
  class space    used 13487K, committed 13888K, reserved 1048576K
}
Event: 13546.835 GC heap after
{Heap after GC invocations=140 (full 17):
 garbage-first heap   total 122880K, used 38510K [0x0000000606000000, 0x0000000800000000)
  region size 4096K, 2 young (8192K), 2 survivors (8192K)
 Metaspace       used 102801K, committed 103680K, reserved 1179648K
  class space    used 13487K, committed 13888K, reserved 1048576K
}
Event: 13547.096 GC heap before
{Heap before GC invocations=141 (full 17):
 garbage-first heap   total 122880K, used 99950K [0x0000000606000000, 0x0000000800000000)
  region size 4096K, 17 young (69632K), 2 survivors (8192K)
 Metaspace       used 103453K, committed 104320K, reserved 1179648K
  class space    used 13540K, committed 13952K, reserved 1048576K
}
Event: 13547.100 GC heap after
{Heap after GC invocations=142 (full 17):
 garbage-first heap   total 122880K, used 41869K [0x0000000606000000, 0x0000000800000000)
  region size 4096K, 3 young (12288K), 3 survivors (12288K)
 Metaspace       used 103453K, committed 104320K, reserved 1179648K
  class space    used 13540K, committed 13952K, reserved 1048576K
}
Event: 13553.786 GC heap before
{Heap before GC invocations=142 (full 17):
 garbage-first heap   total 122880K, used 66445K [0x0000000606000000, 0x0000000800000000)
  region size 4096K, 10 young (40960K), 3 survivors (12288K)
 Metaspace       used 103568K, committed 104448K, reserved 1179648K
  class space    used 13547K, committed 13952K, reserved 1048576K
}
Event: 13553.833 GC heap after
{Heap after GC invocations=143 (full 18):
 garbage-first heap   total 122880K, used 32488K [0x0000000606000000, 0x0000000800000000)
  region size 4096K, 0 young (0K), 0 survivors (0K)
 Metaspace       used 103562K, committed 104448K, reserved 1179648K
  class space    used 13546K, committed 13952K, reserved 1048576K
}
Event: 13554.237 GC heap before
{Heap before GC invocations=143 (full 18):
 garbage-first heap   total 122880K, used 102120K [0x0000000606000000, 0x0000000800000000)
  region size 4096K, 17 young (69632K), 0 survivors (0K)
 Metaspace       used 103944K, committed 104896K, reserved 1179648K
  class space    used 13584K, committed 14016K, reserved 1048576K
}
Event: 13554.239 GC heap after
{Heap after GC invocations=144 (full 18):
 garbage-first heap   total 122880K, used 38371K [0x0000000606000000, 0x0000000800000000)
  region size 4096K, 2 young (8192K), 2 survivors (8192K)
 Metaspace       used 103944K, committed 104896K, reserved 1179648K
  class space    used 13584K, committed 14016K, reserved 1048576K
}
Event: 13627.426 GC heap before
{Heap before GC invocations=145 (full 18):
 garbage-first heap   total 122880K, used 99811K [0x0000000606000000, 0x0000000800000000)
  region size 4096K, 17 young (69632K), 2 survivors (8192K)
 Metaspace       used 104111K, committed 105024K, reserved 1179648K
  class space    used 13603K, committed 14016K, reserved 1048576K
}

